#
# A fatal error has been detected by the Java Runtime Environment:
#
#  SIGSEGV (0xb) at pc=0x00007f525d4fa0ad, pid=4841, tid=4845
#
# JRE version: OpenJDK Runtime Environment (11.0.11+9) (build 11.0.11+9-Ubuntu-0ubuntu2.20.04)
# Java VM: OpenJDK 64-Bit Server VM (11.0.11+9-Ubuntu-0ubuntu2.20.04, mixed mode, sharing, tiered, compressed oops, g1 gc, linux-amd64)
# Problematic frame:
# C  [libjimage.so+0x30ad]
#
# Core dump will be written. Default location: Core dumps may be processed with "/lib/systemd/systemd-coredump %P %u %g %s %t 9223372036854775808 %h" (or dumping to /home/manon/eclipse-workspace/PayilagamWorkout1/core.4841)
#
# If you would like to submit a bug report, please visit:
#   https://bugs.launchpad.net/ubuntu/+source/openjdk-lts
#

---------------  S U M M A R Y ------------

Command Line: -agentlib:jdwp=transport=dt_socket,suspend=y,address=localhost:46773 -javaagent:/home/manon/eclipse/jee-2021-06/eclipse/configuration/org.eclipse.osgi/410/0/.cp/lib/javaagent-shaded.jar -Dfile.encoding=UTF-8 Practice_24_10_21.Amstrong_num1

Host: AMD PRO A4-4350B R4, 5 COMPUTE CORES 2C+3G, 2 cores, 3G, Linux Mint 20.2 Uma
Time: Sun Oct 24 22:48:55 2021 IST elapsed time: 35562.165882 seconds (0d 9h 52m 42s)

---------------  T H R E A D  ---------------

Current thread (0x00007f5258017800):  JavaThread "main" [_thread_in_vm, id=4845, stack(0x00007f525d546000,0x00007f525d647000)]

Stack: [0x00007f525d546000,0x00007f525d647000],  sp=0x00007f525d644130,  free space=1016k
Native frames: (J=compiled Java code, A=aot compiled Java code, j=interpreted, Vv=VM code, C=native code)
C  [libjimage.so+0x30ad]
C  [libjimage.so+0x3da2]
C  [libjimage.so+0x4291]  JIMAGE_FindResource+0xf1
V  [libjvm.so+0x5b0731]
V  [libjvm.so+0x5b2ee1]
V  [libjvm.so+0xdea23d]
V  [libjvm.so+0xde8dca]
V  [libjvm.so+0xdeb38b]
V  [libjvm.so+0x6624ce]
V  [libjvm.so+0x850e76]
j  java.util.Scanner.throwFor()V+26 java.base@11.0.11
j  java.util.Scanner.next(Ljava/util/regex/Pattern;)Ljava/lang/String;+80 java.base@11.0.11
j  java.util.Scanner.nextInt(I)I+56 java.base@11.0.11
j  java.util.Scanner.nextInt()I+5 java.base@11.0.11
j  Practice_24_10_21.Amstrong_num1.main([Ljava/lang/String;)V+20
v  ~StubRoutines::call_stub
V  [libjvm.so+0x859b69]
V  [libjvm.so+0x8d4146]
V  [libjvm.so+0x8d6b00]
C  [libjli.so+0x5a6a]